2024-05-02 03:21:25 INFO            _                _                      
2024-05-02 03:21:25 INFO           / \   ___ ___ ___| | ___ _ __ __ _ _   _ 
2024-05-02 03:21:25 INFO          / _ \ / __/ __/ _ \ |/ _ \ '__/ _` | | | |
2024-05-02 03:21:25 INFO         / ___ \ (_| (_|  __/ |  __/ | | (_| | |_| |
2024-05-02 03:21:25 INFO        /_/   \_\___\___\___|_|\___|_|  \__, |\__, |
2024-05-02 03:21:25 INFO                                        |___/ |___/ 
2024-05-02 03:21:25 INFO        generating outputs according to the following specified output flags... 
2024-05-02 03:21:25 INFO         Please use the -f flag to update the preference (default to all output files)
2024-05-02 03:21:25 INFO        {'ERT': 1, 'ERT_summary': 1, 'ART': 1, 'ART_summary': 1, 'energy_estimation': 1, 'flattened_arch': 1}
2024-05-02 03:21:25 INFO        Located config file at /home/workspace/.config/accelergy/accelergy_config.yaml.
2024-05-02 03:21:25 INFO        config file located:
2024-05-02 03:21:25 INFO        /home/workspace/.config/accelergy/accelergy_config.yaml
2024-05-02 03:21:25 INFO        YAML Setting environment variable TIMELOOP_HIDE_INCONSEQUENTIAL_STATS to 1
2024-05-02 03:21:25 INFO        Parsing file /home/workspace/final-project/example_designs/example_designs/eyeriss_like/outputs/resnet50_layer27/parsed-processed-input.yaml for architecture info
2024-05-02 03:21:25 INFO        Parsing file /home/workspace/final-project/example_designs/example_designs/eyeriss_like/outputs/resnet50_layer27/parsed-processed-input.yaml for compound_components info
2024-05-02 03:21:26 INFO        YAML Setting environment variable TIMELOOP_HIDE_INCONSEQUENTIAL_STATS to 1
2024-05-02 03:21:26 INFO        Adding required action "update" to class DRAM
2024-05-02 03:21:26 INFO        Adding required action "write" to class DRAM
2024-05-02 03:21:26 INFO        Adding required action "read" to class DRAM
2024-05-02 03:21:26 INFO        Adding required action "leak" to class DRAM
2024-05-02 03:21:26 INFO        Calculated Architecture class smartbuffer_RF attributes"memory_width" as "max(32, width)" = 32.
2024-05-02 03:21:26 INFO        Calculated Architecture class smartbuffer_RF attributes"memory_depth" as "max(64, depth)" = 64.
2024-05-02 03:21:26 INFO        Calculated Architecture class smartbuffer_RF attributes"widthscale" as "width / memory_width" = 0.5.
2024-05-02 03:21:26 INFO        Calculated Architecture class smartbuffer_RF attributes"depthscale" as "depth / memory_depth" = 0.1875.
2024-05-02 03:21:26 INFO        Calculated Architecture class smartbuffer_RF attributes"real_depth" as "depth" = 12.
2024-05-02 03:21:26 INFO        Calculated Architecture class smartbuffer_RF attributes"area_scale" as "widthscale * depthscale" = 0.09375.
2024-05-02 03:21:26 INFO        Calculated Architecture class smartbuffer_RF attributes"dynamic_energy_scale" as "widthscale * (depthscale ** (1.56 / 2))" = 0.1354911710963393.
2024-05-02 03:21:26 INFO        Calculated Architecture class smartbuffer_RF attributes"static_energy_scale" as "area_scale" = 0.09375.
2024-05-02 03:21:26 INFO        Calculated Architecture class smartbuffer_RF attributes"memory_width" as "max(32, width)" = 32.
2024-05-02 03:21:26 INFO        Calculated Architecture class smartbuffer_RF attributes"memory_depth" as "max(64, depth)" = 192.
2024-05-02 03:21:26 INFO        Calculated Architecture class smartbuffer_RF attributes"widthscale" as "width / memory_width" = 0.5.
2024-05-02 03:21:26 INFO        Calculated Architecture class smartbuffer_RF attributes"depthscale" as "depth / memory_depth" = 1.0.
2024-05-02 03:21:26 INFO        Calculated Architecture class smartbuffer_RF attributes"real_depth" as "depth" = 192.
2024-05-02 03:21:26 INFO        Calculated Architecture class smartbuffer_RF attributes"area_scale" as "widthscale * depthscale" = 0.5.
2024-05-02 03:21:26 INFO        Calculated Architecture class smartbuffer_RF attributes"dynamic_energy_scale" as "widthscale * (depthscale ** (1.56 / 2))" = 0.5.
2024-05-02 03:21:26 INFO        Calculated Architecture class smartbuffer_RF attributes"static_energy_scale" as "area_scale" = 0.5.
2024-05-02 03:21:26 INFO        Calculated Architecture class smartbuffer_RF attributes"memory_width" as "max(32, width)" = 32.
2024-05-02 03:21:26 INFO        Calculated Architecture class smartbuffer_RF attributes"memory_depth" as "max(64, depth)" = 64.
2024-05-02 03:21:26 INFO        Calculated Architecture class smartbuffer_RF attributes"widthscale" as "width / memory_width" = 0.5.
2024-05-02 03:21:26 INFO        Calculated Architecture class smartbuffer_RF attributes"depthscale" as "depth / memory_depth" = 0.25.
2024-05-02 03:21:26 INFO        Calculated Architecture class smartbuffer_RF attributes"real_depth" as "depth" = 16.
2024-05-02 03:21:26 INFO        Calculated Architecture class smartbuffer_RF attributes"area_scale" as "widthscale * depthscale" = 0.125.
2024-05-02 03:21:26 INFO        Calculated Architecture class smartbuffer_RF attributes"dynamic_energy_scale" as "widthscale * (depthscale ** (1.56 / 2))" = 0.16957554093095897.
2024-05-02 03:21:26 INFO        Calculated Architecture class smartbuffer_RF attributes"static_energy_scale" as "area_scale" = 0.125.
2024-05-02 03:21:26 INFO        Calculated storage."width" as "width" = 64.
2024-05-02 03:21:26 INFO        Calculated storage."depth" as "depth" = 16384.
2024-05-02 03:21:26 INFO        Calculated storage."n_rw_ports" as "n_rw_ports" = 1.
2024-05-02 03:21:26 INFO        Calculated storage."technology" as "technology" = 32nm.
2024-05-02 03:21:26 INFO        Calculated storage."global_cycle_seconds" as "global_cycle_seconds" = 1e-09.
2024-05-02 03:21:26 INFO        Calculated address_generators[0..1]."n_bits" as "max(1, ceil(log2(depth))) if depth >= 1 else 1" = 14.
2024-05-02 03:21:26 INFO        Calculated address_generators[0..1]."precision" as "max(1, ceil(log2(depth))) if depth >= 1 else 1" = 14.
2024-05-02 03:21:26 INFO        Calculated address_generators[0..1]."datawidth" as "max(1, ceil(log2(depth))) if depth >= 1 else 1" = 14.
2024-05-02 03:21:26 INFO        Calculated address_generators[0..1]."global_cycle_seconds" as "global_cycle_seconds" = 1e-09.
2024-05-02 03:21:26 INFO        Calculated storage."width" as "memory_width" = 32.
2024-05-02 03:21:26 INFO        Calculated storage."depth" as "memory_depth" = 64.
2024-05-02 03:21:26 INFO        Calculated storage."n_rdwr_ports" as "n_rdwr_ports" = 1.
2024-05-02 03:21:26 INFO        Calculated storage."global_cycle_seconds" as "global_cycle_seconds" = 1e-09.
2024-05-02 03:21:26 INFO        Calculated list index expression as "width*depth" = 2048.
2024-05-02 03:21:26 INFO        Calculated list index expression as "depth" = 64.
2024-05-02 03:21:26 INFO        Calculated storage.storage[1..2048]."global_cycle_seconds" as "global_cycle_seconds" = 1e-09.
2024-05-02 03:21:26 INFO        Calculated storage.comparator[1..64]."n_bits" as "max(1, ceil(log2(depth)))" = 6.
2024-05-02 03:21:26 INFO        Calculated storage.comparator[1..64]."global_cycle_seconds" as "global_cycle_seconds" = 1e-09.
2024-05-02 03:21:26 INFO        Calculated address_generators[0..1]."n_bits" as "max(1, ceil(log2(real_depth))) if real_depth >= 1 else 1" = 4.
2024-05-02 03:21:26 INFO        Calculated address_generators[0..1]."precision" as "max(1, ceil(log2(real_depth))) if real_depth >= 1 else 1" = 4.
2024-05-02 03:21:26 INFO        Calculated address_generators[0..1]."datawidth" as "max(1, ceil(log2(real_depth))) if real_depth >= 1 else 1" = 4.
2024-05-02 03:21:26 INFO        Calculated address_generators[0..1]."global_cycle_seconds" as "global_cycle_seconds" = 1e-09.
2024-05-02 03:21:26 INFO        Calculated list index expression as "width" = 32.
2024-05-02 03:21:26 INFO        Calculated list index expression as "depth" = 64.
2024-05-02 03:21:26 INFO        Calculated list index expression as "width" = 32.
2024-05-02 03:21:26 INFO        Calculated list index expression as "depth" = 64.
2024-05-02 03:21:26 INFO        Calculated list index expression as "width*depth" = 2048.
2024-05-02 03:21:26 INFO        Calculated system_top_level.ifmap_spad[1..168].leak.leak."global_cycle_seconds" as "global_cycle_seconds" = 1e-09.
2024-05-02 03:21:26 INFO        Calculated list index expression as "depth" = 64.
2024-05-02 03:21:26 INFO        Calculated system_top_level.ifmap_spad[1..168].leak.leak."global_cycle_seconds" as "global_cycle_seconds" = 1e-09.
2024-05-02 03:21:26 INFO        Calculated list index expression as "width" = 32.
2024-05-02 03:21:26 INFO        Calculated list index expression as "depth" = 64.
2024-05-02 03:21:26 INFO        Calculated storage."width" as "memory_width" = 32.
2024-05-02 03:21:26 INFO        Calculated storage."depth" as "memory_depth" = 192.
2024-05-02 03:21:26 INFO        Calculated storage."n_rdwr_ports" as "n_rdwr_ports" = 1.
2024-05-02 03:21:26 INFO        Calculated storage."global_cycle_seconds" as "global_cycle_seconds" = 1e-09.
2024-05-02 03:21:26 INFO        Calculated list index expression as "width*depth" = 6144.
2024-05-02 03:21:26 INFO        Calculated list index expression as "depth" = 192.
2024-05-02 03:21:26 INFO        Calculated storage.storage[1..6144]."global_cycle_seconds" as "global_cycle_seconds" = 1e-09.
2024-05-02 03:21:26 INFO        Calculated storage.comparator[1..192]."n_bits" as "max(1, ceil(log2(depth)))" = 8.
2024-05-02 03:21:26 INFO        Calculated storage.comparator[1..192]."global_cycle_seconds" as "global_cycle_seconds" = 1e-09.
2024-05-02 03:21:26 INFO        Calculated address_generators[0..1]."n_bits" as "max(1, ceil(log2(real_depth))) if real_depth >= 1 else 1" = 8.
2024-05-02 03:21:26 INFO        Calculated address_generators[0..1]."precision" as "max(1, ceil(log2(real_depth))) if real_depth >= 1 else 1" = 8.
2024-05-02 03:21:26 INFO        Calculated address_generators[0..1]."datawidth" as "max(1, ceil(log2(real_depth))) if real_depth >= 1 else 1" = 8.
2024-05-02 03:21:26 INFO        Calculated address_generators[0..1]."global_cycle_seconds" as "global_cycle_seconds" = 1e-09.
2024-05-02 03:21:26 INFO        Calculated list index expression as "width" = 32.
2024-05-02 03:21:26 INFO        Calculated list index expression as "depth" = 192.
2024-05-02 03:21:26 INFO        Calculated list index expression as "width" = 32.
2024-05-02 03:21:26 INFO        Calculated list index expression as "depth" = 192.
2024-05-02 03:21:26 INFO        Calculated list index expression as "width*depth" = 6144.
2024-05-02 03:21:26 INFO        Calculated system_top_level.weights_spad[1..168].leak.leak."global_cycle_seconds" as "global_cycle_seconds" = 1e-09.
2024-05-02 03:21:26 INFO        Calculated list index expression as "depth" = 192.
2024-05-02 03:21:26 INFO        Calculated system_top_level.weights_spad[1..168].leak.leak."global_cycle_seconds" as "global_cycle_seconds" = 1e-09.
2024-05-02 03:21:26 INFO        Calculated list index expression as "width" = 32.
2024-05-02 03:21:26 INFO        Calculated list index expression as "depth" = 192.
2024-05-02 03:21:26 INFO        Calculated storage."width" as "memory_width" = 32.
2024-05-02 03:21:26 INFO        Calculated storage."depth" as "memory_depth" = 64.
2024-05-02 03:21:26 INFO        Calculated storage."n_rdwr_ports" as "n_rdwr_ports" = 1.
2024-05-02 03:21:26 INFO        Calculated storage."global_cycle_seconds" as "global_cycle_seconds" = 1e-09.
2024-05-02 03:21:26 INFO        Calculated list index expression as "width*depth" = 2048.
2024-05-02 03:21:26 INFO        Calculated list index expression as "depth" = 64.
2024-05-02 03:21:26 INFO        Calculated storage.storage[1..2048]."global_cycle_seconds" as "global_cycle_seconds" = 1e-09.
2024-05-02 03:21:26 INFO        Calculated storage.comparator[1..64]."n_bits" as "max(1, ceil(log2(depth)))" = 6.
2024-05-02 03:21:26 INFO        Calculated storage.comparator[1..64]."global_cycle_seconds" as "global_cycle_seconds" = 1e-09.
2024-05-02 03:21:26 INFO        Calculated address_generators[0..1]."n_bits" as "max(1, ceil(log2(real_depth))) if real_depth >= 1 else 1" = 4.
2024-05-02 03:21:26 INFO        Calculated address_generators[0..1]."precision" as "max(1, ceil(log2(real_depth))) if real_depth >= 1 else 1" = 4.
2024-05-02 03:21:26 INFO        Calculated address_generators[0..1]."datawidth" as "max(1, ceil(log2(real_depth))) if real_depth >= 1 else 1" = 4.
2024-05-02 03:21:26 INFO        Calculated address_generators[0..1]."global_cycle_seconds" as "global_cycle_seconds" = 1e-09.
2024-05-02 03:21:26 INFO        Calculated list index expression as "width" = 32.
2024-05-02 03:21:26 INFO        Calculated list index expression as "depth" = 64.
2024-05-02 03:21:26 INFO        Calculated list index expression as "width" = 32.
2024-05-02 03:21:26 INFO        Calculated list index expression as "depth" = 64.
2024-05-02 03:21:26 INFO        Calculated list index expression as "width*depth" = 2048.
2024-05-02 03:21:26 INFO        Calculated system_top_level.psum_spad[1..168].leak.leak."global_cycle_seconds" as "global_cycle_seconds" = 1e-09.
2024-05-02 03:21:26 INFO        Calculated list index expression as "depth" = 64.
2024-05-02 03:21:26 INFO        Calculated system_top_level.psum_spad[1..168].leak.leak."global_cycle_seconds" as "global_cycle_seconds" = 1e-09.
2024-05-02 03:21:26 INFO        Calculated list index expression as "width" = 32.
2024-05-02 03:21:26 INFO        Calculated list index expression as "depth" = 64.
2024-05-02 03:21:26 INFO        Calculated intadder."width" as "adder_width" = 16.
2024-05-02 03:21:26 INFO        Calculated intmultiplier."width_a" as "multiplier_width" = 8.
2024-05-02 03:21:26 INFO        Calculated intmultiplier."width_b" as "multiplier_width" = 8.
2024-05-02 03:21:26 INFO        Estimator plug-in identified by: /usr/local/share/accelergy/estimation_plug_ins/accelergy-aladdin-plug-in/aladdin.estimator.yaml
2024-05-02 03:21:26 INFO        Estimator plug-in identified by: /usr/local/share/accelergy/estimation_plug_ins/accelergy-neurosim-plugin/neurosim.estimator.yaml
2024-05-02 03:21:26 INFO        Estimator plug-in identified by: /usr/local/share/accelergy/estimation_plug_ins/dummy_tables/dummy.estimator.yaml
2024-05-02 03:21:26 INFO        Estimator plug-in identified by: /usr/local/share/accelergy/estimation_plug_ins/accelergy-library-plugin/library.estimator.yaml
2024-05-02 03:21:26 INFO        Estimator plug-in identified by: /usr/local/share/accelergy/estimation_plug_ins/accelergy-adc-plug-in/adc.estimator.yaml
2024-05-02 03:21:26 INFO        Estimator plug-in identified by: /usr/local/share/accelergy/estimation_plug_ins/accelergy-table-based-plug-ins/table.estimator.yaml
2024-05-02 03:21:26 INFO        Estimator plug-in identified by: /usr/local/share/accelergy/estimation_plug_ins/accelergy-cacti-plug-in/cacti.estimator.yaml
2024-05-02 03:21:26 INFO        Getting all estimators in module <module 'python_plug_in' from '/usr/local/share/accelergy/estimation_plug_ins/accelergy-cacti-plug-in/cacti_wrapper.py'>
2024-05-02 03:21:26 INFO        Added estimator CactiCache that estimates cache with actions idle, read, read_access, update, update_access, write, write_access, leak
2024-05-02 03:21:26 INFO        Added estimator CactiDRAM that estimates ['DRAM', 'dram'] with actions idle, read, update, write, leak
2024-05-02 03:21:26 INFO        Added estimator CactiSRAM that estimates ['SRAM', 'sram'] with actions idle, read, update, write, leak
2024-05-02 03:21:26 INFO        Found estimator plug-in: Aladdin_table (<AladdinTable.AladdinTable object at 0xffffb4c2b190>)
2024-05-02 03:21:26 INFO        Found estimator plug-in: Neurosim Plug-In (<NeuroWrapper.NeuroWrapper object at 0xffffb4c2b2b0>)
2024-05-02 03:21:26 INFO        Found estimator plug-in: dummy_table (<DummyTable.DummyTable object at 0xffffb4abd0d0>)
2024-05-02 03:21:26 INFO        Found estimator plug-in: Library (<LibraryEstimator.LibraryEstimator object at 0xffffb4b51220>)
2024-05-02 03:21:26 INFO        Found estimator plug-in: ADC Plug-In (<ADCEstimator.ADCEstimator object at 0xffffb4ae6be0>)
2024-05-02 03:21:26 INFO        Found estimator plug-in: table-based-plug-ins (<SetsOfTables.SetsOfTables object at 0xffffb4b35070>)
2024-05-02 03:21:26 INFO        Found estimator plug-in: CactiCache (<accelergy.plug_in_interface.estimator_wrapper.EstimatorWrapper object at 0xffffb4980be0>)
2024-05-02 03:21:26 INFO        Found estimator plug-in: CactiDRAM (<accelergy.plug_in_interface.estimator_wrapper.EstimatorWrapper object at 0xffffb4980d90>)
2024-05-02 03:21:26 INFO        Found estimator plug-in: CactiSRAM (<accelergy.plug_in_interface.estimator_wrapper.EstimatorWrapper object at 0xffffb4994bb0>)
2024-05-02 03:21:26 INFO        
2024-05-02 03:21:26 INFO        ENERGY ESTIMATION for DRAM(type=LPDDR4, width=64, datawidth=8, has_power_gating=False, n_banks=2, cluster_size=1, reduction_supported=True, multiple_buffering=1, min_utilization=0, allow_overbooking=False, meshX=1, meshY=1, version=0.4, technology=SET ME, global_cycle_seconds=1e-09, action_latency_cycles=1, cycle_seconds=1e-09, n_instances=1).update(global_cycle_seconds=1e-09, action_latency_cycles=1)
2024-05-02 03:21:26 INFO        CactiDRAM estimated 5.12e-10 with accuracy 80%. Messages:
2024-05-02 03:21:26 INFO        | Unused arguments (datawidth, has_power_gating, n_banks, cluster_size, reduction_supported, multiple_buffering, min_utilization, allow_overbooking, meshX, meshY, version, technology, global_cycle_seconds, action_latency_cycles, cycle_seconds, n_instances) provided for ['DRAM', 'dram'].__init__. Arguments used: (type, width)
2024-05-02 03:21:26 INFO        | Unused arguments (global_cycle_seconds, action_latency_cycles) provided for ['DRAM', 'dram'].update. Arguments used: ()
2024-05-02 03:21:26 INFO        
2024-05-02 03:21:26 INFO        ENERGY ESTIMATION for DRAM(type=LPDDR4, width=64, datawidth=8, has_power_gating=False, n_banks=2, cluster_size=1, reduction_supported=True, multiple_buffering=1, min_utilization=0, allow_overbooking=False, meshX=1, meshY=1, version=0.4, technology=SET ME, global_cycle_seconds=1e-09, action_latency_cycles=1, cycle_seconds=1e-09, n_instances=1).write(global_cycle_seconds=1e-09, action_latency_cycles=1)
2024-05-02 03:21:26 INFO        CactiDRAM estimated 5.12e-10 with accuracy 80%. Messages:
2024-05-02 03:21:26 INFO        | Unused arguments (datawidth, has_power_gating, n_banks, cluster_size, reduction_supported, multiple_buffering, min_utilization, allow_overbooking, meshX, meshY, version, technology, global_cycle_seconds, action_latency_cycles, cycle_seconds, n_instances) provided for ['DRAM', 'dram'].__init__. Arguments used: (type, width)
2024-05-02 03:21:26 INFO        | Unused arguments (global_cycle_seconds, action_latency_cycles) provided for ['DRAM', 'dram'].write. Arguments used: ()
2024-05-02 03:21:26 INFO        
2024-05-02 03:21:26 INFO        ENERGY ESTIMATION for DRAM(type=LPDDR4, width=64, datawidth=8, has_power_gating=False, n_banks=2, cluster_size=1, reduction_supported=True, multiple_buffering=1, min_utilization=0, allow_overbooking=False, meshX=1, meshY=1, version=0.4, technology=SET ME, global_cycle_seconds=1e-09, action_latency_cycles=1, cycle_seconds=1e-09, n_instances=1).read(global_cycle_seconds=1e-09, action_latency_cycles=1)
2024-05-02 03:21:26 INFO        CactiDRAM estimated 5.12e-10 with accuracy 80%. Messages:
2024-05-02 03:21:26 INFO        | Unused arguments (datawidth, has_power_gating, n_banks, cluster_size, reduction_supported, multiple_buffering, min_utilization, allow_overbooking, meshX, meshY, version, technology, global_cycle_seconds, action_latency_cycles, cycle_seconds, n_instances) provided for ['DRAM', 'dram'].__init__. Arguments used: (type, width)
2024-05-02 03:21:26 INFO        | Unused arguments (global_cycle_seconds, action_latency_cycles) provided for ['DRAM', 'dram'].read. Arguments used: ()
2024-05-02 03:21:26 INFO        
2024-05-02 03:21:26 INFO        ENERGY ESTIMATION for DRAM(type=LPDDR4, width=64, datawidth=8, has_power_gating=False, n_banks=2, cluster_size=1, reduction_supported=True, multiple_buffering=1, min_utilization=0, allow_overbooking=False, meshX=1, meshY=1, version=0.4, technology=SET ME, global_cycle_seconds=1e-09, action_latency_cycles=1, cycle_seconds=1e-09, n_instances=1).leak(global_cycle_seconds=1e-09, action_latency_cycles=1)
2024-05-02 03:21:26 INFO        CactiDRAM estimated 0 with accuracy 80%. Messages:
2024-05-02 03:21:26 INFO        | Unused arguments (datawidth, has_power_gating, n_banks, cluster_size, reduction_supported, multiple_buffering, min_utilization, allow_overbooking, meshX, meshY, version, technology, global_cycle_seconds, action_latency_cycles, cycle_seconds, n_instances) provided for ['DRAM', 'dram'].__init__. Arguments used: (type, width)
2024-05-02 03:21:26 INFO        | Unused arguments (action_latency_cycles) provided for ['DRAM', 'dram'].leak. Arguments used: (global_cycle_seconds)
2024-05-02 03:21:26 INFO        | Multiplying by n_instances 1
2024-05-02 03:21:26 INFO        
2024-05-02 03:21:26 INFO        ENERGY ESTIMATION for SRAM(width=64, depth=16384, n_rw_ports=1, technology=32nm, global_cycle_seconds=1e-09, action_latency_cycles=1, cycle_seconds=1e-09, n_instances=1).write(global_cycle_seconds=1e-09, action_latency_cycles=1, cycle_seconds=1e-09, technology=32nm, n_instances=1)
2024-05-02 03:21:29 INFO        CactiSRAM estimated 1.4109500000000001e-11 with accuracy 80%. Messages:
2024-05-02 03:21:29 INFO        | Unused arguments (global_cycle_seconds, action_latency_cycles, cycle_seconds, n_instances) provided for ['SRAM', 'sram'].__init__. Arguments used: (width, depth, n_rw_ports, technology)
2024-05-02 03:21:29 INFO        | Unused arguments (global_cycle_seconds, action_latency_cycles, cycle_seconds, technology, n_instances) provided for ['SRAM', 'sram'].write. Arguments used: ()
2024-05-02 03:21:29 INFO        | Calling CACTI with cache_size=131072 n_rw_ports=1 block_size=8 tech_node_um=0.032 n_banks=1 tag_size=0 associativity=1
2024-05-02 03:21:29 INFO        | Calling CACTI with input path /usr/local/share/accelergy/estimation_plug_ins/accelergy-cacti-plug-in/cacti_inputs_outputs/tmph3rpult5
2024-05-02 03:21:29 INFO        | CACTI output will be written to /usr/local/share/accelergy/estimation_plug_ins/accelergy-cacti-plug-in/cacti_inputs_outputs/tmpbfy6g_1p
2024-05-02 03:21:29 INFO        | CACTI executable not found at /usr/local/share/accelergy/estimation_plug_ins/accelergy-cacti-plug-in/cacti/cacti
2024-05-02 03:21:29 INFO        | Calling: cd /usr/local/share/accelergy/estimation_plug_ins/accelergy-cacti-plug-in ; ./cacti -infile /usr/local/share/accelergy/estimation_plug_ins/accelergy-cacti-plug-in/cacti_inputs_outputs/tmph3rpult5 >> /usr/local/share/accelergy/estimation_plug_ins/accelergy-cacti-plug-in/cacti_inputs_outputs/tmpbfy6g_1p 2>&1
2024-05-02 03:21:29 INFO        | Cache bandwidth: 8.0 bits/cycle
2024-05-02 03:21:29 INFO        | Cache bandwidth: 49.177808513908104 Gbits/second
2024-05-02 03:21:29 INFO        
2024-05-02 03:21:29 INFO        ENERGY ESTIMATION for intadder(n_bits=14, precision=14, datawidth=14, global_cycle_seconds=1e-09, action_latency_cycles=1, cycle_seconds=1e-09, technology=32nm, n_instances=1).add(global_cycle_seconds=1e-09, action_latency_cycles=1, cycle_seconds=1e-09, technology=32nm, n_instances=1)
2024-05-02 03:21:29 INFO        Neurosim Plug-In estimated 0.028429009999999998p with accuracy 70%. Messages:
2024-05-02 03:21:29 INFO        | WARN: Non-numeric 32nm for parameter technology. Using 32 instead.
2024-05-02 03:21:29 INFO        | Building a crossbar with cell file /usr/local/share/accelergy/estimation_plug_ins/accelergy-neurosim-plugin/cells/placeholder.cell
2024-05-02 03:21:29 INFO        | Neurosim Plugin parsing cell file...
2024-05-02 03:21:29 INFO        | 	Failed to calculate "widthSRAMCellNMOS:". Ignore if this value is not needed.
2024-05-02 03:21:29 INFO        | 		Could not find -SRAMCellNMOSWidth (F): in cell file.
2024-05-02 03:21:29 INFO        | 	Failed to calculate "widthSRAMCellPMOS:". Ignore if this value is not needed.
2024-05-02 03:21:29 INFO        | 		Could not find -SRAMCellPMOSWidth (F): in cell file.
2024-05-02 03:21:29 INFO        | 	Failed to calculate "minSenseVoltage:". Ignore if this value is not needed.
2024-05-02 03:21:29 INFO        | 		Could not find -MinSenseVoltage (mV): in cell file.
2024-05-02 03:21:29 INFO        | 	Failed to calculate "accessTransistorResistance:". Ignore if this value is not needed.
2024-05-02 03:21:29 INFO        | 		Could not find -AccessTransistorResistance (ohm): in cell file.
2024-05-02 03:21:29 INFO        | 	Failed to calculate "WriteVoltage:". Ignore if this value is not needed.
2024-05-02 03:21:29 INFO        | 		Could not find -WriteVoltage (V): in cell file.
2024-05-02 03:21:29 INFO        | 	Failed to calculate "SET_CURRENT". Ignore if this value is not needed.
2024-05-02 03:21:29 INFO        | 		Could not find -SetCurrent (uA): in cell file.
2024-05-02 03:21:29 INFO        | 	Failed to calculate "SET_POWER". Ignore if this value is not needed.
2024-05-02 03:21:29 INFO        | 		Could not find -SetPower (uW): in cell file.
2024-05-02 03:21:29 INFO        | 	Failed to calculate "READ_CURRENT". Ignore if this value is not needed.
2024-05-02 03:21:29 INFO        | 		Could not find -ReadCurrent (uA): in cell file.
2024-05-02 03:21:29 INFO        | 	Failed to calculate "READ_ENERGY". Ignore if this value is not needed.
2024-05-02 03:21:29 INFO        | 		Could not find -ReadEnergy (pJ): in cell file.
2024-05-02 03:21:29 INFO        | 	Failed to calculate "cellCapacitanceMultiplier:". Ignore if this value is not needed.
2024-05-02 03:21:29 INFO        | 		Could not find -CellCapacitanceMultiplier: in cell file.
2024-05-02 03:21:29 INFO        | 	Failed to calculate "cellCapacitanceAdjust:". Ignore if this value is not needed.
2024-05-02 03:21:29 INFO        | 		Could not find -CellCapacitanceAdjust (F): in cell file.
2024-05-02 03:21:29 INFO        | 	Failed to calculate "deviceRoadmap:". Ignore if this value is not needed.
2024-05-02 03:21:29 INFO        | 		Could not find -DeviceRoadmap -1LP 1HP 2LSTP: in cell file.
2024-05-02 03:21:29 INFO        | Running /usr/local/share/accelergy/estimation_plug_ins/accelergy-neurosim-plugin/NeuroSim/main /usr/local/share/accelergy/estimation_plug_ins/accelergy-neurosim-plugin/neurosim_input_11333.cfg
2024-05-02 03:21:29 INFO        | Crossbar minimum latency is 2.344 ns to read 8.0 columns at once.
2024-05-02 03:21:29 INFO        
2024-05-02 03:21:29 INFO        ENERGY ESTIMATION for SRAM(width=64, depth=16384, n_rw_ports=1, technology=32nm, global_cycle_seconds=1e-09, action_latency_cycles=1, cycle_seconds=1e-09, n_instances=1).read(global_cycle_seconds=1e-09, action_latency_cycles=1, cycle_seconds=1e-09, technology=32nm, n_instances=1)
2024-05-02 03:21:31 INFO        CactiSRAM estimated 1.81554e-11 with accuracy 80%. Messages:
2024-05-02 03:21:31 INFO        | Unused arguments (global_cycle_seconds, action_latency_cycles, cycle_seconds, n_instances) provided for ['SRAM', 'sram'].__init__. Arguments used: (width, depth, n_rw_ports, technology)
2024-05-02 03:21:31 INFO        | Unused arguments (global_cycle_seconds, action_latency_cycles, cycle_seconds, technology, n_instances) provided for ['SRAM', 'sram'].read. Arguments used: ()
2024-05-02 03:21:31 INFO        | Calling CACTI with cache_size=131072 n_rw_ports=1 block_size=8 tech_node_um=0.032 n_banks=1 tag_size=0 associativity=1
2024-05-02 03:21:31 INFO        | Calling CACTI with input path /usr/local/share/accelergy/estimation_plug_ins/accelergy-cacti-plug-in/cacti_inputs_outputs/tmpj3zp0hla
2024-05-02 03:21:31 INFO        | CACTI output will be written to /usr/local/share/accelergy/estimation_plug_ins/accelergy-cacti-plug-in/cacti_inputs_outputs/tmp5lk2d48l
2024-05-02 03:21:31 INFO        | CACTI executable not found at /usr/local/share/accelergy/estimation_plug_ins/accelergy-cacti-plug-in/cacti/cacti
2024-05-02 03:21:31 INFO        | Calling: cd /usr/local/share/accelergy/estimation_plug_ins/accelergy-cacti-plug-in ; ./cacti -infile /usr/local/share/accelergy/estimation_plug_ins/accelergy-cacti-plug-in/cacti_inputs_outputs/tmpj3zp0hla >> /usr/local/share/accelergy/estimation_plug_ins/accelergy-cacti-plug-in/cacti_inputs_outputs/tmp5lk2d48l 2>&1
2024-05-02 03:21:31 INFO        | Cache bandwidth: 8.0 bits/cycle
2024-05-02 03:21:31 INFO        | Cache bandwidth: 49.177808513908104 Gbits/second
2024-05-02 03:21:31 INFO        
2024-05-02 03:21:31 INFO        ENERGY ESTIMATION for intadder(n_bits=14, precision=14, datawidth=14, global_cycle_seconds=1e-09, action_latency_cycles=1, cycle_seconds=1e-09, technology=32nm, n_instances=1).add(global_cycle_seconds=1e-09, action_latency_cycles=1, cycle_seconds=1e-09, technology=32nm, n_instances=1)
2024-05-02 03:21:31 INFO        Neurosim Plug-In estimated 0.028429009999999998p with accuracy 70%. Messages:
2024-05-02 03:21:31 INFO        | WARN: Non-numeric 32nm for parameter technology. Using 32 instead.
2024-05-02 03:21:31 INFO        
2024-05-02 03:21:31 INFO        ENERGY ESTIMATION for SRAM(width=64, depth=16384, n_rw_ports=1, technology=32nm, global_cycle_seconds=1e-09, action_latency_cycles=1, cycle_seconds=1e-09, n_instances=1).leak(global_cycle_seconds=1e-09, action_latency_cycles=1, cycle_seconds=1e-09, technology=32nm, n_instances=1)
2024-05-02 03:21:33 INFO        CactiSRAM estimated 5.645290000000001e-15 with accuracy 80%. Messages:
2024-05-02 03:21:33 INFO        | Unused arguments (global_cycle_seconds, action_latency_cycles, cycle_seconds, n_instances) provided for ['SRAM', 'sram'].__init__. Arguments used: (width, depth, n_rw_ports, technology)
2024-05-02 03:21:33 INFO        | Unused arguments (action_latency_cycles, cycle_seconds, technology, n_instances) provided for ['SRAM', 'sram'].leak. Arguments used: (global_cycle_seconds)
2024-05-02 03:21:33 INFO        | Calling CACTI with cache_size=131072 n_rw_ports=1 block_size=8 tech_node_um=0.032 n_banks=1 tag_size=0 associativity=1
2024-05-02 03:21:33 INFO        | Calling CACTI with input path /usr/local/share/accelergy/estimation_plug_ins/accelergy-cacti-plug-in/cacti_inputs_outputs/tmpf3pr39rf
2024-05-02 03:21:33 INFO        | CACTI output will be written to /usr/local/share/accelergy/estimation_plug_ins/accelergy-cacti-plug-in/cacti_inputs_outputs/tmp9_rv2azp
2024-05-02 03:21:33 INFO        | CACTI executable not found at /usr/local/share/accelergy/estimation_plug_ins/accelergy-cacti-plug-in/cacti/cacti
2024-05-02 03:21:33 INFO        | Calling: cd /usr/local/share/accelergy/estimation_plug_ins/accelergy-cacti-plug-in ; ./cacti -infile /usr/local/share/accelergy/estimation_plug_ins/accelergy-cacti-plug-in/cacti_inputs_outputs/tmpf3pr39rf >> /usr/local/share/accelergy/estimation_plug_ins/accelergy-cacti-plug-in/cacti_inputs_outputs/tmp9_rv2azp 2>&1
2024-05-02 03:21:33 INFO        | Cache bandwidth: 8.0 bits/cycle
2024-05-02 03:21:33 INFO        | Cache bandwidth: 49.177808513908104 Gbits/second
2024-05-02 03:21:33 INFO        | Global cycle time 1e-09 is less than the cache's random cycle time 1.3014
2024-05-02 03:21:33 INFO        | Multiplying by n_instances 1
2024-05-02 03:21:33 INFO        
2024-05-02 03:21:33 INFO        ENERGY ESTIMATION for intadder(n_bits=14, precision=14, datawidth=14, global_cycle_seconds=1e-09, action_latency_cycles=1, cycle_seconds=1e-09, technology=32nm, n_instances=1).leak(global_cycle_seconds=1e-09, action_latency_cycles=1, cycle_seconds=1e-09, technology=32nm, n_instances=1)
2024-05-02 03:21:33 INFO        Neurosim Plug-In estimated 3.124068e-06p with accuracy 70%. Messages:
2024-05-02 03:21:33 INFO        | WARN: Non-numeric 32nm for parameter technology. Using 32 instead.
2024-05-02 03:21:33 INFO        | Multiplying by n_instances 1
2024-05-02 03:21:33 INFO        
2024-05-02 03:21:33 INFO        ENERGY ESTIMATION for SRAM(width=64, depth=16384, n_rw_ports=1, technology=32nm, global_cycle_seconds=1e-09, action_latency_cycles=1, cycle_seconds=1e-09, n_instances=1).write(global_cycle_seconds=1e-09, action_latency_cycles=1, cycle_seconds=1e-09, technology=32nm, n_instances=1)
2024-05-02 03:21:34 INFO        CactiSRAM estimated 1.4109500000000001e-11 with accuracy 80%. Messages:
2024-05-02 03:21:34 INFO        | Unused arguments (global_cycle_seconds, action_latency_cycles, cycle_seconds, n_instances) provided for ['SRAM', 'sram'].__init__. Arguments used: (width, depth, n_rw_ports, technology)
2024-05-02 03:21:34 INFO        | Unused arguments (global_cycle_seconds, action_latency_cycles, cycle_seconds, technology, n_instances) provided for ['SRAM', 'sram'].write. Arguments used: ()
2024-05-02 03:21:34 INFO        | Calling CACTI with cache_size=131072 n_rw_ports=1 block_size=8 tech_node_um=0.032 n_banks=1 tag_size=0 associativity=1
2024-05-02 03:21:34 INFO        | Calling CACTI with input path /usr/local/share/accelergy/estimation_plug_ins/accelergy-cacti-plug-in/cacti_inputs_outputs/tmpql0nhwwa
2024-05-02 03:21:34 INFO        | CACTI output will be written to /usr/local/share/accelergy/estimation_plug_ins/accelergy-cacti-plug-in/cacti_inputs_outputs/tmp0_e9bneb
2024-05-02 03:21:35 INFO        | CACTI executable not found at /usr/local/share/accelergy/estimation_plug_ins/accelergy-cacti-plug-in/cacti/cacti
2024-05-02 03:21:35 INFO        | Calling: cd /usr/local/share/accelergy/estimation_plug_ins/accelergy-cacti-plug-in ; ./cacti -infile /usr/local/share/accelergy/estimation_plug_ins/accelergy-cacti-plug-in/cacti_inputs_outputs/tmpql0nhwwa >> /usr/local/share/accelergy/estimation_plug_ins/accelergy-cacti-plug-in/cacti_inputs_outputs/tmp0_e9bneb 2>&1
2024-05-02 03:21:35 INFO        | Cache bandwidth: 8.0 bits/cycle
2024-05-02 03:21:35 INFO        | Cache bandwidth: 49.177808513908104 Gbits/second
2024-05-02 03:21:35 INFO        
2024-05-02 03:21:35 INFO        ENERGY ESTIMATION for intadder(n_bits=14, precision=14, datawidth=14, global_cycle_seconds=1e-09, action_latency_cycles=1, cycle_seconds=1e-09, technology=32nm, n_instances=1).add(global_cycle_seconds=1e-09, action_latency_cycles=1, cycle_seconds=1e-09, technology=32nm, n_instances=1)
2024-05-02 03:21:35 INFO        Neurosim Plug-In estimated 0.028429009999999998p with accuracy 70%. Messages:
2024-05-02 03:21:35 INFO        | WARN: Non-numeric 32nm for parameter technology. Using 32 instead.
2024-05-02 03:21:35 INFO        
2024-05-02 03:21:35 INFO        ENERGY ESTIMATION for aladdin_register(global_cycle_seconds=1e-09, action_latency_cycles=1, cycle_seconds=1e-09, technology=32nm, n_instances=1).write(global_cycle_seconds=1e-09, action_latency_cycles=1, cycle_seconds=1e-09, technology=32nm, n_instances=1)
2024-05-02 03:21:35 INFO        Library estimated 0.0p with accuracy 90%. Messages:
2024-05-02 03:21:35 INFO        | Found 1 entries for aladdin_register.write.
2024-05-02 03:21:35 INFO        | Checking entry "{'technology': '45nm', 'global_cycle_seconds': '1e-9', 'width|datawidth': '1', 'dynamic energy(pJ)': '0', 'area(um^2)': '5.98E+00', 'action': 'write', 'name': 'aladdin_register', 'area_scale': 1, 'energy_scale': 1, 'n_instances': 1}
2024-05-02 03:21:35 INFO        | value=0.0, matching_attrs=2, log=['Scaling global_cycle_seconds from 1e-9 to 1e-09', 'Scaling technology from 45nm to 32nm', 'Scaled aladdin_register.global_cycle_seconds from 1e-09 to 1e-09: 1x energy', 'Scaled aladdin_register.technology from 45.0 to 32.0: 0.6593402787798331x energy', 'aladdin_register energy has been scaled 0.6593402787798331x']
2024-05-02 03:21:35 INFO        | Best-matching entry: {'technology': '45nm', 'global_cycle_seconds': '1e-9', 'width|datawidth': '1', 'dynamic energy(pJ)': '0', 'area(um^2)': '5.98E+00', 'action': 'write', 'name': 'aladdin_register', 'area_scale': 1, 'energy_scale': 1, 'n_instances': 1}
2024-05-02 03:21:35 INFO        | Scaling global_cycle_seconds from 1e-9 to 1e-09
2024-05-02 03:21:35 INFO        | Scaling technology from 45nm to 32nm
2024-05-02 03:21:35 INFO        | Scaled aladdin_register.global_cycle_seconds from 1e-09 to 1e-09: 1x energy
2024-05-02 03:21:35 INFO        | Scaled aladdin_register.technology from 45.0 to 32.0: 0.6593402787798331x energy
2024-05-02 03:21:35 INFO        | aladdin_register energy has been scaled 0.6593402787798331x
2024-05-02 03:21:35 INFO        
2024-05-02 03:21:35 INFO        ENERGY ESTIMATION for aladdin_comparator(n_bits=6, global_cycle_seconds=1e-09, action_latency_cycles=1, cycle_seconds=1e-09, technology=32nm, n_instances=1).compare(global_cycle_seconds=1e-09, action_latency_cycles=1, cycle_seconds=1e-09, technology=32nm, n_instances=1)
2024-05-02 03:21:35 INFO        Library estimated 0.019430758015641682p with accuracy 90%. Messages:
2024-05-02 03:21:35 INFO        | Found 1 entries for aladdin_comparator.compare.
2024-05-02 03:21:35 INFO        | Checking entry "{'technology': '45nm', 'global_cycle_seconds': '1e-9', 'width|datawidth': '32', 'energy(pJ)': '0.02947', 'area(um^2)': '71', 'action': 'compare', 'name': 'aladdin_comparator', 'area_scale': 1, 'energy_scale': 1, 'n_instances': 1}
2024-05-02 03:21:35 INFO        | value=0.02947, matching_attrs=2, log=['Scaling global_cycle_seconds from 1e-9 to 1e-09', 'Scaling technology from 45nm to 32nm', 'Scaled aladdin_comparator.global_cycle_seconds from 1e-09 to 1e-09: 1x energy', 'Scaled aladdin_comparator.technology from 45.0 to 32.0: 0.6593402787798331x energy', 'aladdin_comparator energy has been scaled 0.6593402787798331x']
2024-05-02 03:21:35 INFO        | Best-matching entry: {'technology': '45nm', 'global_cycle_seconds': '1e-9', 'width|datawidth': '32', 'energy(pJ)': '0.02947', 'area(um^2)': '71', 'action': 'compare', 'name': 'aladdin_comparator', 'area_scale': 1, 'energy_scale': 1, 'n_instances': 1}
2024-05-02 03:21:35 INFO        | Scaling global_cycle_seconds from 1e-9 to 1e-09
2024-05-02 03:21:35 INFO        | Scaling technology from 45nm to 32nm
2024-05-02 03:21:35 INFO        | Scaled aladdin_comparator.global_cycle_seconds from 1e-09 to 1e-09: 1x energy
2024-05-02 03:21:35 INFO        | Scaled aladdin_comparator.technology from 45.0 to 32.0: 0.6593402787798331x energy
2024-05-02 03:21:35 INFO        | aladdin_comparator energy has been scaled 0.6593402787798331x
2024-05-02 03:21:35 INFO        
2024-05-02 03:21:35 INFO        ENERGY ESTIMATION for intadder(n_bits=4, precision=4, datawidth=4, global_cycle_seconds=1e-09, action_latency_cycles=1, cycle_seconds=1e-09, technology=32nm, n_instances=1).add(global_cycle_seconds=1e-09, action_latency_cycles=1, cycle_seconds=1e-09, technology=32nm, n_instances=1)
2024-05-02 03:21:35 INFO        Neurosim Plug-In estimated 0.008220707p with accuracy 70%. Messages:
2024-05-02 03:21:35 INFO        | WARN: Non-numeric 32nm for parameter technology. Using 32 instead.
2024-05-02 03:21:35 INFO        | Building a crossbar with cell file /usr/local/share/accelergy/estimation_plug_ins/accelergy-neurosim-plugin/cells/placeholder.cell
2024-05-02 03:21:35 INFO        | Neurosim Plugin parsing cell file...
2024-05-02 03:21:35 INFO        | 	Failed to calculate "widthSRAMCellNMOS:". Ignore if this value is not needed.
2024-05-02 03:21:35 INFO        | 		Could not find -SRAMCellNMOSWidth (F): in cell file.
2024-05-02 03:21:35 INFO        | 	Failed to calculate "widthSRAMCellPMOS:". Ignore if this value is not needed.
2024-05-02 03:21:35 INFO        | 		Could not find -SRAMCellPMOSWidth (F): in cell file.
2024-05-02 03:21:35 INFO        | 	Failed to calculate "minSenseVoltage:". Ignore if this value is not needed.
2024-05-02 03:21:35 INFO        | 		Could not find -MinSenseVoltage (mV): in cell file.
2024-05-02 03:21:35 INFO        | 	Failed to calculate "accessTransistorResistance:". Ignore if this value is not needed.
2024-05-02 03:21:35 INFO        | 		Could not find -AccessTransistorResistance (ohm): in cell file.
2024-05-02 03:21:35 INFO        | 	Failed to calculate "WriteVoltage:". Ignore if this value is not needed.
2024-05-02 03:21:35 INFO        | 		Could not find -WriteVoltage (V): in cell file.
2024-05-02 03:21:35 INFO        | 	Failed to calculate "SET_CURRENT". Ignore if this value is not needed.
2024-05-02 03:21:35 INFO        | 		Could not find -SetCurrent (uA): in cell file.
2024-05-02 03:21:35 INFO        | 	Failed to calculate "SET_POWER". Ignore if this value is not needed.
2024-05-02 03:21:35 INFO        | 		Could not find -SetPower (uW): in cell file.
2024-05-02 03:21:35 INFO        | 	Failed to calculate "READ_CURRENT". Ignore if this value is not needed.
2024-05-02 03:21:35 INFO        | 		Could not find -ReadCurrent (uA): in cell file.
2024-05-02 03:21:35 INFO        | 	Failed to calculate "READ_ENERGY". Ignore if this value is not needed.
2024-05-02 03:21:35 INFO        | 		Could not find -ReadEnergy (pJ): in cell file.
2024-05-02 03:21:35 INFO        | 	Failed to calculate "cellCapacitanceMultiplier:". Ignore if this value is not needed.
2024-05-02 03:21:35 INFO        | 		Could not find -CellCapacitanceMultiplier: in cell file.
2024-05-02 03:21:35 INFO        | 	Failed to calculate "cellCapacitanceAdjust:". Ignore if this value is not needed.
2024-05-02 03:21:35 INFO        | 		Could not find -CellCapacitanceAdjust (F): in cell file.
2024-05-02 03:21:35 INFO        | 	Failed to calculate "deviceRoadmap:". Ignore if this value is not needed.
2024-05-02 03:21:35 INFO        | 		Could not find -DeviceRoadmap -1LP 1HP 2LSTP: in cell file.
2024-05-02 03:21:35 INFO        | Running /usr/local/share/accelergy/estimation_plug_ins/accelergy-neurosim-plugin/NeuroSim/main /usr/local/share/accelergy/estimation_plug_ins/accelergy-neurosim-plugin/neurosim_input_11333.cfg
2024-05-02 03:21:35 INFO        | Crossbar minimum latency is 2.344 ns to read 8.0 columns at once.
2024-05-02 03:21:35 INFO        
2024-05-02 03:21:35 INFO        ENERGY ESTIMATION for aladdin_register(global_cycle_seconds=1e-09, action_latency_cycles=1, cycle_seconds=1e-09, technology=32nm, n_instances=1).read(global_cycle_seconds=1e-09, action_latency_cycles=1, cycle_seconds=1e-09, technology=32nm, n_instances=1)
2024-05-02 03:21:35 INFO        Library estimated 0.005934062509018498p with accuracy 90%. Messages:
2024-05-02 03:21:35 INFO        | Found 1 entries for aladdin_register.read.
2024-05-02 03:21:35 INFO        | Checking entry "{'technology': '45nm', 'global_cycle_seconds': '1e-9', 'width|datawidth': '1', 'dynamic energy(pJ)': '0.009', 'area(um^2)': '5.98E+00', 'action': 'read', 'name': 'aladdin_register', 'area_scale': 1, 'energy_scale': 1, 'n_instances': 1}
2024-05-02 03:21:35 INFO        | value=0.009, matching_attrs=2, log=['Scaling global_cycle_seconds from 1e-9 to 1e-09', 'Scaling technology from 45nm to 32nm', 'Scaled aladdin_register.global_cycle_seconds from 1e-09 to 1e-09: 1x energy', 'Scaled aladdin_register.technology from 45.0 to 32.0: 0.6593402787798331x energy', 'aladdin_register energy has been scaled 0.6593402787798331x']
2024-05-02 03:21:35 INFO        | Best-matching entry: {'technology': '45nm', 'global_cycle_seconds': '1e-9', 'width|datawidth': '1', 'dynamic energy(pJ)': '0.009', 'area(um^2)': '5.98E+00', 'action': 'read', 'name': 'aladdin_register', 'area_scale': 1, 'energy_scale': 1, 'n_instances': 1}
2024-05-02 03:21:35 INFO        | Scaling global_cycle_seconds from 1e-9 to 1e-09
2024-05-02 03:21:35 INFO        | Scaling technology from 45nm to 32nm
2024-05-02 03:21:35 INFO        | Scaled aladdin_register.global_cycle_seconds from 1e-09 to 1e-09: 1x energy
2024-05-02 03:21:35 INFO        | Scaled aladdin_register.technology from 45.0 to 32.0: 0.6593402787798331x energy
2024-05-02 03:21:35 INFO        | aladdin_register energy has been scaled 0.6593402787798331x
2024-05-02 03:21:35 INFO        
2024-05-02 03:21:35 INFO        ENERGY ESTIMATION for aladdin_comparator(n_bits=6, global_cycle_seconds=1e-09, action_latency_cycles=1, cycle_seconds=1e-09, technology=32nm, n_instances=1).compare(global_cycle_seconds=1e-09, action_latency_cycles=1, cycle_seconds=1e-09, technology=32nm, n_instances=1)
2024-05-02 03:21:35 INFO        Library estimated 0.019430758015641682p with accuracy 90%. Messages:
2024-05-02 03:21:35 INFO        | Found 1 entries for aladdin_comparator.compare.
2024-05-02 03:21:35 INFO        | Checking entry "{'technology': '45nm', 'global_cycle_seconds': '1e-9', 'width|datawidth': '32', 'energy(pJ)': '0.02947', 'area(um^2)': '71', 'action': 'compare', 'name': 'aladdin_comparator', 'area_scale': 1, 'energy_scale': 1, 'n_instances': 1}
2024-05-02 03:21:35 INFO        | value=0.02947, matching_attrs=2, log=['Scaling global_cycle_seconds from 1e-9 to 1e-09', 'Scaling technology from 45nm to 32nm', 'Scaled aladdin_comparator.global_cycle_seconds from 1e-09 to 1e-09: 1x energy', 'Scaled aladdin_comparator.technology from 45.0 to 32.0: 0.6593402787798331x energy', 'aladdin_comparator energy has been scaled 0.6593402787798331x']
2024-05-02 03:21:35 INFO        | Best-matching entry: {'technology': '45nm', 'global_cycle_seconds': '1e-9', 'width|datawidth': '32', 'energy(pJ)': '0.02947', 'area(um^2)': '71', 'action': 'compare', 'name': 'aladdin_comparator', 'area_scale': 1, 'energy_scale': 1, 'n_instances': 1}
2024-05-02 03:21:35 INFO        | Scaling global_cycle_seconds from 1e-9 to 1e-09
2024-05-02 03:21:35 INFO        | Scaling technology from 45nm to 32nm
2024-05-02 03:21:35 INFO        | Scaled aladdin_comparator.global_cycle_seconds from 1e-09 to 1e-09: 1x energy
2024-05-02 03:21:35 INFO        | Scaled aladdin_comparator.technology from 45.0 to 32.0: 0.6593402787798331x energy
2024-05-02 03:21:35 INFO        | aladdin_comparator energy has been scaled 0.6593402787798331x
2024-05-02 03:21:35 INFO        
2024-05-02 03:21:35 INFO        ENERGY ESTIMATION for intadder(n_bits=4, precision=4, datawidth=4, global_cycle_seconds=1e-09, action_latency_cycles=1, cycle_seconds=1e-09, technology=32nm, n_instances=1).add(global_cycle_seconds=1e-09, action_latency_cycles=1, cycle_seconds=1e-09, technology=32nm, n_instances=1)
2024-05-02 03:21:35 INFO        Neurosim Plug-In estimated 0.008220707p with accuracy 70%. Messages:
2024-05-02 03:21:35 INFO        | WARN: Non-numeric 32nm for parameter technology. Using 32 instead.
2024-05-02 03:21:35 INFO        
2024-05-02 03:21:35 INFO        ENERGY ESTIMATION for aladdin_register(global_cycle_seconds=1e-09, action_latency_cycles=1, cycle_seconds=1e-09, technology=32nm, n_instances=1).leak(global_cycle_seconds=1e-09, action_latency_cycles=1, cycle_seconds=1e-09, technology=32nm, n_instances=1)
2024-05-02 03:21:35 INFO        Library estimated 0.0p with accuracy 90%. Messages:
2024-05-02 03:21:35 INFO        | Found 1 entries for aladdin_register.leak.
2024-05-02 03:21:35 INFO        | Checking entry "{'technology': '45nm', 'global_cycle_seconds': '1e-9', 'width|datawidth': '1', 'dynamic energy(pJ)': '0', 'area(um^2)': '5.98E+00', 'action': 'leak', 'name': 'aladdin_register', 'area_scale': 1, 'energy_scale': 1, 'n_instances': 1}
2024-05-02 03:21:35 INFO        | value=0.0, matching_attrs=2, log=['Scaling global_cycle_seconds from 1e-9 to 1e-09', 'Scaling technology from 45nm to 32nm', 'Scaled aladdin_register.global_cycle_seconds from 1e-09 to 1e-09: 1.0x leak', 'Scaled aladdin_register.technology from 45.0 to 32.0: 0.6593402787798331x leak', 'aladdin_register leak has been scaled 0.6593402787798331x']
2024-05-02 03:21:35 INFO        | Best-matching entry: {'technology': '45nm', 'global_cycle_seconds': '1e-9', 'width|datawidth': '1', 'dynamic energy(pJ)': '0', 'area(um^2)': '5.98E+00', 'action': 'leak', 'name': 'aladdin_register', 'area_scale': 1, 'energy_scale': 1, 'n_instances': 1}
2024-05-02 03:21:35 INFO        | Scaling global_cycle_seconds from 1e-9 to 1e-09
2024-05-02 03:21:35 INFO        | Scaling technology from 45nm to 32nm
2024-05-02 03:21:35 INFO        | Scaled aladdin_register.global_cycle_seconds from 1e-09 to 1e-09: 1.0x leak
2024-05-02 03:21:35 INFO        | Scaled aladdin_register.technology from 45.0 to 32.0: 0.6593402787798331x leak
2024-05-02 03:21:35 INFO        | aladdin_register leak has been scaled 0.6593402787798331x
2024-05-02 03:21:35 INFO        | Multiplying by n_instances 1
2024-05-02 03:21:35 INFO        
2024-05-02 03:21:35 INFO        ENERGY ESTIMATION for aladdin_comparator(n_bits=6, global_cycle_seconds=1e-09, action_latency_cycles=1, cycle_seconds=1e-09, technology=32nm, n_instances=1).leak(global_cycle_seconds=1e-09, action_latency_cycles=1, cycle_seconds=1e-09, technology=32nm, n_instances=1)
2024-05-02 03:21:35 INFO        Library estimated 1.654944099737381e-05p with accuracy 90%. Messages:
2024-05-02 03:21:35 INFO        | Found 1 entries for aladdin_comparator.leak.
2024-05-02 03:21:35 INFO        | Checking entry "{'technology': '45nm', 'global_cycle_seconds': '1e-9', 'width|datawidth': '32', 'energy(pJ)': '2.51E-05', 'area(um^2)': '71', 'action': 'leak', 'name': 'aladdin_comparator', 'area_scale': 1, 'energy_scale': 1, 'n_instances': 1}
2024-05-02 03:21:35 INFO        | value=2.51e-05, matching_attrs=2, log=['Scaling global_cycle_seconds from 1e-9 to 1e-09', 'Scaling technology from 45nm to 32nm', 'Scaled aladdin_comparator.global_cycle_seconds from 1e-09 to 1e-09: 1.0x leak', 'Scaled aladdin_comparator.technology from 45.0 to 32.0: 0.6593402787798331x leak', 'aladdin_comparator leak has been scaled 0.6593402787798331x']
2024-05-02 03:21:35 INFO        | Best-matching entry: {'technology': '45nm', 'global_cycle_seconds': '1e-9', 'width|datawidth': '32', 'energy(pJ)': '2.51E-05', 'area(um^2)': '71', 'action': 'leak', 'name': 'aladdin_comparator', 'area_scale': 1, 'energy_scale': 1, 'n_instances': 1}
2024-05-02 03:21:35 INFO        | Scaling global_cycle_seconds from 1e-9 to 1e-09
2024-05-02 03:21:35 INFO        | Scaling technology from 45nm to 32nm
2024-05-02 03:21:35 INFO        | Scaled aladdin_comparator.global_cycle_seconds from 1e-09 to 1e-09: 1.0x leak
2024-05-02 03:21:35 INFO        | Scaled aladdin_comparator.technology from 45.0 to 32.0: 0.6593402787798331x leak
2024-05-02 03:21:35 INFO        | aladdin_comparator leak has been scaled 0.6593402787798331x
2024-05-02 03:21:35 INFO        | Multiplying by n_instances 1
2024-05-02 03:21:35 INFO        
2024-05-02 03:21:35 INFO        ENERGY ESTIMATION for intadder(n_bits=4, precision=4, datawidth=4, global_cycle_seconds=1e-09, action_latency_cycles=1, cycle_seconds=1e-09, technology=32nm, n_instances=1).leak(global_cycle_seconds=1e-09, action_latency_cycles=1, cycle_seconds=1e-09, technology=32nm, n_instances=1)
2024-05-02 03:21:35 INFO        Neurosim Plug-In estimated 8.925909999999997e-07p with accuracy 70%. Messages:
2024-05-02 03:21:35 INFO        | WARN: Non-numeric 32nm for parameter technology. Using 32 instead.
2024-05-02 03:21:35 INFO        | Multiplying by n_instances 1
2024-05-02 03:21:35 INFO        
2024-05-02 03:21:35 INFO        ENERGY ESTIMATION for aladdin_register(global_cycle_seconds=1e-09, action_latency_cycles=1, cycle_seconds=1e-09, technology=32nm, n_instances=1).write(global_cycle_seconds=1e-09, action_latency_cycles=1, cycle_seconds=1e-09, technology=32nm, n_instances=1)
2024-05-02 03:21:35 INFO        Library estimated 0.0p with accuracy 90%. Messages:
